     1                                  bits 32
     2                                  
     3                                  global start
     4                                  
     5                                  extern exit, printf, scanf              
     6                                  import exit msvcrt.dll
     7                                  import printf msvcrt.dll  
     8                                  import scanf msvcrt.dll
     9                                  
    10                                  ; pb 18
    11                                  ; Sa se citeasca de la tastatura un numar in baza 10 si un numar in baza 16. 
    12                                  ; Sa se afiseze in baza 10 numarul de biti 1 ai sumei celor doua numere citite. Exemplu:
    13                                  ; a = 32 = 0010 0000b
    14                                  ; b = 1Ah = 0001 1010b
    15                                  ; 32 + 1Ah = 0011 1010b
    16                                  ; Se va afisa pe ecran valoarea 4.
    17                                  
    18                                  ; segmentul de date in care se vor defini variabilele 
    19                                  segment data use32 class=data
    20 00000000 00000000                    a dd 0
    21 00000004 00000000                    b dd 0
    22 00000008 256400                      format_intreg db "%d", 0
    23 0000000B 257800                      format_hexa db "%x", 0
    24                                  segment code use32 class=code
    25                                      start:
    26                                          ; citesc nr a
    27 00000000 68[00000000]                    push dword a
    28 00000005 68[08000000]                    push dword format_intreg
    29 0000000A FF15[00000000]                  call [scanf]
    30 00000010 83C408                          add esp, 4 * 2
    31 00000013 C705[00000000]2000-             mov dword[a], 32
    31 0000001B 0000               
    32                                          
    33                                          ; citesc nr b
    34 0000001D 68[04000000]                    push dword b
    35 00000022 68[0B000000]                    push dword format_hexa
    36 00000027 FF15[00000000]                  call [scanf]
    37 0000002D 83C408                          add esp, 4 * 2
    38                                          
    39                                          ; a + b
    40 00000030 A1[00000000]                    mov eax, [a]
    41 00000035 0305[04000000]                  add eax, [b]          ; eax = a + b
    42                                          
    43                                          ; aflu nr de biti a lui a + b
    44 0000003B BB00000000                      mov ebx, 0            ; ebx = nr de 1
    45 00000040 B920000000                      mov ecx, 32
    46                                          repeta:
    47 00000045 D1E8                                shr eax, 1        ; CF = bitul 0 a lui eax
    48                                              
    49 00000047 7301                                jnb continue      ; daca bitul e 0, merg la eticheta continua
    50 00000049 43                                  inc ebx
    51                                              
    52                                              continue:
    53 0000004A 90                                      nop
    54 0000004B E2F8                            loop repeta
    55                                          
    56                                          ; afisez nr de biti 1
    57 0000004D 53                              push ebx
    58 0000004E 68[08000000]                    push format_intreg
    59 00000053 FF15[00000000]                  call [printf]
    60 00000059 83C408                          add esp, 4 * 2
    61                                          
    62                                      sfarsit:
    63                                          ; exit(0)
    64 0000005C 6A00                            push dword 0          ; se pune pe stiva parametrul functiei exit
    65 0000005E FF15[00000000]                  call [exit]           ; apelul functiei exit pentru terminarea executiei programului
