     1                                  bits 32 ; assembling for the 32 bits architecture
     2                                  
     3                                  ; declare the EntryPoint (a label defining the very first instruction of the program)
     4                                  global start        
     5                                  
     6                                  ; declare external functions needed by our program
     7                                  extern exit,printf               ; tell nasm that exit exists even if we won't be defining it
     8                                  import exit msvcrt.dll
     9                                  import printf msvcrt.dll
    10                                  
    11                                  ; our data is declared here (the variables needed by our program)
    12                                  segment data use32 class=data
    13 00000000 <res 00000004>              a resd 1
    14                                  segment code use32 class=code
    15                                      start:
    16                                      
    17                                          xchg eax, a
    17          ******************       error: invalid combination of opcode and operands
    18 00000000 6A00                            push    dword 0
    19 00000002 FF15[00000000]                  call    [exit]
