     1                                  bits 32
     2                                  
     3                                  global start        
     4                                  
     5                                  
     6                                  extern exit, fopen, fclose, fprintf, printf              
     7                                  import fopen msvcrt.dll
     8                                  import fprintf msvcrt.dll
     9                                  import printf msvcrt.dll
    10                                  import fclose msvcrt.dll
    11                                  import exit msvcrt.dll    
    12                                                            
    13                                  
    14                                  segment data use32 class=data
    15                                      ; ...
    16 00000000 31352E74787400              numefisier db "15.txt",0
    17 00000007 6D6572652567616C61-         text db "mere%gala#ti3buzauf**", 0
    17 00000010 2374693362757A6175-
    17 00000019 662A2A00           
    18                                      lenText equ $-text
    19 0000001D 25232A2829                  spc db "%#*()"
    20                                      lenspc equ $-spc
    21 00000022 7700                        acces db "w", 0
    22 00000024 FFFFFFFF                    fd dd -1
    23                                      
    24                                  segment code use32 class=code
    25                                      ;15/2. Se dau un nume de fisier si un text (definite in segmentul de date). Textul contine litere mici, litere mari, cifre si caractere speciale. Sa se inlocuiasca toate caracterele speciale din textul dat cu ca
    26                                      start:
    27                                      
    28                                          ; exit(0)
    29 00000000 68[22000000]                    push dword acces
    30 00000005 68[00000000]                    push dword numefisier
    31 0000000A FF15[00000000]                  call [fopen]
    32 00000010 83C408                          add esp, 4*2
    33                                          
    34 00000013 A3[24000000]                    mov [fd], eax
    35 00000018 83F800                          cmp eax, 0
    36 0000001B 744A                            je final
    37 0000001D FC                              cld
    38 0000001E BE[07000000]                    mov esi, text
    39 00000023 B915000000                      mov ecx, lenText-1
    40                                          repeta:
    41 00000028 AC                                  lodsb;al=<ds:esi>
    42 00000029 BF[1D000000]                        mov edi, spc
    43 0000002E 51                                  push ecx
    44 0000002F B905000000                          mov ecx, lenspc
    45                                              compara:
    46 00000034 AE                                      scasb
    47 00000035 7502                                    jne skip
    48 00000037 B058                                    mov al, 'X'
    49                                                  skip
    49          ******************       warning: label alone on a line without a colon might be in error [-w+orphan-labels]
    50 00000039 E2F9                                loop compara
    51 0000003B 4E                                  dec esi
    52 0000003C 89F7                                mov edi, esi
    53 0000003E AA                                  stosb
    54 0000003F 89FE                                mov esi, edi
    55 00000041 59                                  pop ecx
    56 00000042 E2E4                            loop repeta
    57                                          
    58 00000044 68[07000000]                    push dword text
    59 00000049 FF35[24000000]                  push dword [fd]
    60 0000004F FF15[00000000]                  call [fprintf]
    61 00000055 83C408                          add esp, 4*2
    62                                          
    63 00000058 FF35[24000000]                  push dword [fd]
    64 0000005E FF15[00000000]                  call [fclose]
    65 00000064 83C404                          add esp, 4*1
    66                                      final:
    67 00000067 6A00                            push    dword 0      ; push the parameter for exit onto the stack
    68 00000069 FF15[00000000]                  call    [exit]       ; call exit to terminate the program
