     1                                  bits 32
     2                                  
     3                                  global start
     4                                  
     5                                  extern exit, fopen, fscanf, printf, fclose
     6                                  import exit msvcrt.dll
     7                                  import fopen msvcrt.dll
     8                                  import fscanf msvcrt.dll
     9                                  import printf msvcrt.dll
    10                                  import fclose msvcrt.dll
    11                                  
    12                                  segment data use32 class=data
    13 00000000 6E756D6572652E7478-         nume_fisier db "numere.txt", 0
    13 00000009 7400               
    14 0000000B 7200                        mod_acces db "r", 0
    15 0000000D 00000000                    descriptor_fisier dd 0
    16 00000011 00000000                    n dd 0
    17 00000015 256400                      format db "%d", 0
    18 00000018 25642000                    format_afisare db '%d ', 0
    19 0000001C 53756D61206E756D65-         mesaj db "Suma numerelor este: %d", 0
    19 00000025 72656C6F7220657374-
    19 0000002E 653A20256400       
    20                                      
    21                                  segment code use32 class=code
    22                                  start:
    23 00000000 68[0B000000]                push dword mod_acces
    24 00000005 68[00000000]                push dword nume_fisier
    25 0000000A FF15[00000000]              call [fopen]
    26 00000010 83C408                      add esp, 2*4
    27                                      
    28 00000013 83F800                      cmp eax, 0
    29 00000016 7469                        je eroare
    30 00000018 A3[0D000000]                mov [descriptor_fisier], eax
    31                                      
    32 0000001D BB00000000                  mov ebx, 0
    33                                      
    34                                      citire:
    35 00000022 68[11000000]                    push dword n
    36 00000027 68[15000000]                    push dword format
    37 0000002C FF35[0D000000]                  push dword [descriptor_fisier]
    38 00000032 FF15[00000000]                  call [fscanf]
    39 00000038 83C40C                          add esp, 4*3
    40                                          
    41 0000003B 83F800                          cmp eax, 0
    42 0000003E 7423                            je afisare
    43                                          
    44 00000040 60                              pushad
    45 00000041 FF35[11000000]                  push dword [n]
    46 00000047 68[18000000]                    push dword format_afisare
    47 0000004C FF15[00000000]                  call [printf]
    48 00000052 83C408                          add esp, 4*2
    49 00000055 61                              popad
    50                                          
    51 00000056 83F800                          cmp eax, 0
    52 00000059 7408                            je afisare
    53                                          
    54 0000005B 031D[11000000]                  add ebx, [n]
    55 00000061 EBBF                        jmp citire
    56                                      
    57                                      afisare:
    58 00000063 53                              push dword ebx
    59 00000064 68[1C000000]                    push dword mesaj
    60 00000069 FF15[00000000]                  call [printf]
    61 0000006F 83C408                          add esp, 4*2
    62                                          
    63 00000072 FF35[0D000000]                  push dword [descriptor_fisier]
    64 00000078 FF15[00000000]                  call [fclose]
    65 0000007E 83C404                          add esp, 4*1
    66                                      eroare:
    67 00000081 6A00                    push dword 0
    68 00000083 FF15[00000000]          call [exit]
